<?xml version="1.0" encoding="UTF-8"?>
<testsuite name="JUnit Jupiter" tests="50" skipped="0" failures="0" errors="0" time="0.268" hostname="Rahul-4.local" timestamp="2024-11-15T15:27:12">
<properties>
<property name="apple.awt.application.name" value="ConsoleLauncher"/>
<property name="file.encoding" value="UTF-8"/>
<property name="file.separator" value="/"/>
<property name="ftp.nonProxyHosts" value="local|*.local|169.254/16|*.169.254/16"/>
<property name="http.nonProxyHosts" value="local|*.local|169.254/16|*.169.254/16"/>
<property name="java.class.path" value="build:lib/junit-jupiter-engine-5.8.2.jar:lib/byte-buddy.jar:lib/junit-platform-commons-1.8.2.jar:lib/junit-4.13.2.jar:lib/junit-platform-engine-1.8.2.jar:lib/byte-buddy-agent.jar:lib/hamcrest-core-1.3.jar:lib/byte-buddy-1.11.13.jar:lib/apiguardian-api-1.1.2.jar:lib/junit-platform-console-standalone.jar:lib/mockito-core-3.12.4.jar:lib/mockito-core.jar:lib/objenesis.jar:lib/junit-jupiter-api-5.8.2.jar:lib/opentest4j-1.2.0.jar"/>
<property name="java.class.version" value="67.0"/>
<property name="java.home" value="/Users/rahulchowdary/Library/Java/JavaVirtualMachines/openjdk-23.0.1/Contents/Home"/>
<property name="java.io.tmpdir" value="/var/folders/3s/9lxhhmv129l40rsx40t11kd00000gn/T/"/>
<property name="java.library.path" value="/Users/rahulchowdary/Library/Java/Extensions:/Library/Java/Extensions:/Network/Library/Java/Extensions:/System/Library/Java/Extensions:/usr/lib/java:."/>
<property name="java.runtime.name" value="OpenJDK Runtime Environment"/>
<property name="java.runtime.version" value="23.0.1+11-39"/>
<property name="java.specification.name" value="Java Platform API Specification"/>
<property name="java.specification.vendor" value="Oracle Corporation"/>
<property name="java.specification.version" value="23"/>
<property name="java.vendor" value="Oracle Corporation"/>
<property name="java.vendor.url" value="https://java.oracle.com/"/>
<property name="java.vendor.url.bug" value="https://bugreport.java.com/bugreport/"/>
<property name="java.version" value="23.0.1"/>
<property name="java.version.date" value="2024-10-15"/>
<property name="java.vm.compressedOopsMode" value="Zero based"/>
<property name="java.vm.info" value="mixed mode, sharing"/>
<property name="java.vm.name" value="OpenJDK 64-Bit Server VM"/>
<property name="java.vm.specification.name" value="Java Virtual Machine Specification"/>
<property name="java.vm.specification.vendor" value="Oracle Corporation"/>
<property name="java.vm.specification.version" value="23"/>
<property name="java.vm.vendor" value="Oracle Corporation"/>
<property name="java.vm.version" value="23.0.1+11-39"/>
<property name="jdk.debug" value="release"/>
<property name="line.separator" value="
"/>
<property name="native.encoding" value="UTF-8"/>
<property name="os.arch" value="aarch64"/>
<property name="os.name" value="Mac OS X"/>
<property name="os.version" value="15.1"/>
<property name="path.separator" value=":"/>
<property name="socksNonProxyHosts" value="local|*.local|169.254/16|*.169.254/16"/>
<property name="stderr.encoding" value="UTF-8"/>
<property name="stdout.encoding" value="UTF-8"/>
<property name="sun.arch.data.model" value="64"/>
<property name="sun.boot.library.path" value="/Users/rahulchowdary/Library/Java/JavaVirtualMachines/openjdk-23.0.1/Contents/Home/lib"/>
<property name="sun.cpu.endian" value="little"/>
<property name="sun.io.unicode.encoding" value="UnicodeBig"/>
<property name="sun.java.command" value="org.junit.platform.console.ConsoleLauncher --scan-class-path --class-path build --details=tree --reports-dir=test-results"/>
<property name="sun.java.launcher" value="SUN_STANDARD"/>
<property name="sun.jnu.encoding" value="UTF-8"/>
<property name="sun.management.compiler" value="HotSpot 64-Bit Tiered Compilers"/>
<property name="user.country" value="US"/>
<property name="user.dir" value="/Users/rahulchowdary/java/Java-Battleship-master"/>
<property name="user.home" value="/Users/rahulchowdary"/>
<property name="user.language" value="en"/>
<property name="user.name" value="rahulchowdary"/>
<property name="user.timezone" value="America/Los_Angeles"/>
</properties>
<testcase name="testGameInitialization()" classname="BattleshipTest" time="0.001">
<system-out><![CDATA[
unique-id: [engine:junit-jupiter]/[class:BattleshipTest]/[method:testGameInitialization()]
display-name: testGameInitialization()
]]></system-out>
</testcase>
<testcase name="testComputerGuessPhase()" classname="BattleshipTest" time="0.003">
<system-out><![CDATA[
unique-id: [engine:junit-jupiter]/[class:BattleshipTest]/[method:testComputerGuessPhase()]
display-name: testComputerGuessPhase()
]]></system-out>
</testcase>
<testcase name="testVerticalShipOutOfBounds()" classname="BattleshipTest" time="0">
<system-out><![CDATA[
unique-id: [engine:junit-jupiter]/[class:BattleshipTest]/[method:testVerticalShipOutOfBounds()]
display-name: testVerticalShipOutOfBounds()
]]></system-out>
</testcase>
<testcase name="testIsUnguessed()" classname="LocationTest" time="0">
<system-out><![CDATA[
unique-id: [engine:junit-jupiter]/[class:LocationTest]/[method:testIsUnguessed()]
display-name: testIsUnguessed()
]]></system-out>
</testcase>
<testcase name="testGetCol()" classname="ShipTest" time="0">
<system-out><![CDATA[
unique-id: [engine:junit-jupiter]/[class:ShipTest]/[method:testGetCol()]
display-name: testGetCol()
]]></system-out>
</testcase>
<testcase name="testLocationConstructor()" classname="LocationTest" time="0">
<system-out><![CDATA[
unique-id: [engine:junit-jupiter]/[class:LocationTest]/[method:testLocationConstructor()]
display-name: testLocationConstructor()
]]></system-out>
</testcase>
<testcase name="testShipPlacementPhase()" classname="BattleshipTest" time="0.001">
<system-out><![CDATA[
unique-id: [engine:junit-jupiter]/[class:BattleshipTest]/[method:testShipPlacementPhase()]
display-name: testShipPlacementPhase()
]]></system-out>
</testcase>
<testcase name="testCheckMiss()" classname="LocationTest" time="0">
<system-out><![CDATA[
unique-id: [engine:junit-jupiter]/[class:LocationTest]/[method:testCheckMiss()]
display-name: testCheckMiss()
]]></system-out>
</testcase>
<testcase name="testGameEndConditions()" classname="BattleshipTest" time="0">
<system-out><![CDATA[
unique-id: [engine:junit-jupiter]/[class:BattleshipTest]/[method:testGameEndConditions()]
display-name: testGameEndConditions()
]]></system-out>
</testcase>
<testcase name="testOverlapHorizontal()" classname="BattleshipTest" time="0">
<system-out><![CDATA[
unique-id: [engine:junit-jupiter]/[class:BattleshipTest]/[method:testOverlapHorizontal()]
display-name: testOverlapHorizontal()
]]></system-out>
</testcase>
<testcase name="testGetDirection()" classname="ShipTest" time="0">
<system-out><![CDATA[
unique-id: [engine:junit-jupiter]/[class:ShipTest]/[method:testGetDirection()]
display-name: testGetDirection()
]]></system-out>
</testcase>
<testcase name="testShipGridIntegrity()" classname="BattleshipTest" time="0.004">
<system-out><![CDATA[
unique-id: [engine:junit-jupiter]/[class:BattleshipTest]/[method:testShipGridIntegrity()]
display-name: testShipGridIntegrity()
]]></system-out>
</testcase>
<testcase name="testPlayerShipsCorrectlyPlaced()" classname="BattleshipTest" time="0.001">
<system-out><![CDATA[
unique-id: [engine:junit-jupiter]/[class:BattleshipTest]/[method:testPlayerShipsCorrectlyPlaced()]
display-name: testPlayerShipsCorrectlyPlaced()
]]></system-out>
</testcase>
<testcase name="testAskForGuess_Miss()" classname="BattleshipTest" time="0">
<system-out><![CDATA[
unique-id: [engine:junit-jupiter]/[class:BattleshipTest]/[method:testAskForGuess_Miss()]
display-name: testAskForGuess_Miss()
]]></system-out>
</testcase>
<testcase name="testNoShipsSet()" classname="PlayerTest" time="0">
<system-out><![CDATA[
unique-id: [engine:junit-jupiter]/[class:PlayerTest]/[method:testNoShipsSet()]
display-name: testNoShipsSet()
]]></system-out>
</testcase>
<testcase name="testConvertCompColToRegular()" classname="BattleshipTest" time="0">
<system-out><![CDATA[
unique-id: [engine:junit-jupiter]/[class:BattleshipTest]/[method:testConvertCompColToRegular()]
display-name: testConvertCompColToRegular()
]]></system-out>
</testcase>
<testcase name="testUserGuessPhase()" classname="BattleshipTest" time="0">
<system-out><![CDATA[
unique-id: [engine:junit-jupiter]/[class:BattleshipTest]/[method:testUserGuessPhase()]
display-name: testUserGuessPhase()
]]></system-out>
</testcase>
<testcase name="testGetAndSetLengthOfShip()" classname="LocationTest" time="0">
<system-out><![CDATA[
unique-id: [engine:junit-jupiter]/[class:LocationTest]/[method:testGetAndSetLengthOfShip()]
display-name: testGetAndSetLengthOfShip()
]]></system-out>
</testcase>
<testcase name="testAddShips()" classname="PlayerTest" time="0">
<system-out><![CDATA[
unique-id: [engine:junit-jupiter]/[class:PlayerTest]/[method:testAddShips()]
display-name: testAddShips()
]]></system-out>
</testcase>
<testcase name="testNumOfShipsLeft_SomeShipsSet()" classname="PlayerTest" time="0.004">
<system-out><![CDATA[
unique-id: [engine:junit-jupiter]/[class:PlayerTest]/[method:testNumOfShipsLeft_SomeShipsSet()]
display-name: testNumOfShipsLeft_SomeShipsSet()
]]></system-out>
</testcase>
<testcase name="testSetHasShip()" classname="LocationTest" time="0">
<system-out><![CDATA[
unique-id: [engine:junit-jupiter]/[class:LocationTest]/[method:testSetHasShip()]
display-name: testSetHasShip()
]]></system-out>
</testcase>
<testcase name="testShip()" classname="ShipTest" time="0">
<system-out><![CDATA[
unique-id: [engine:junit-jupiter]/[class:ShipTest]/[method:testShip()]
display-name: testShip()
]]></system-out>
</testcase>
<testcase name="testMarkHit()" classname="LocationTest" time="0">
<system-out><![CDATA[
unique-id: [engine:junit-jupiter]/[class:LocationTest]/[method:testMarkHit()]
display-name: testMarkHit()
]]></system-out>
</testcase>
<testcase name="testGetLength()" classname="ShipTest" time="0">
<system-out><![CDATA[
unique-id: [engine:junit-jupiter]/[class:ShipTest]/[method:testGetLength()]
display-name: testGetLength()
]]></system-out>
</testcase>
<testcase name="testVerticalOverlap()" classname="BattleshipTest" time="0">
<system-out><![CDATA[
unique-id: [engine:junit-jupiter]/[class:BattleshipTest]/[method:testVerticalOverlap()]
display-name: testVerticalOverlap()
]]></system-out>
</testcase>
<testcase name="testNumOfShipsLeft_ThrowsErrorInSetup()" classname="PlayerTest" time="0.002">
<system-out><![CDATA[
unique-id: [engine:junit-jupiter]/[class:PlayerTest]/[method:testNumOfShipsLeft_ThrowsErrorInSetup()]
display-name: testNumOfShipsLeft_ThrowsErrorInSetup()
]]></system-out>
</testcase>
<testcase name="testIsLocationSet()" classname="ShipTest" time="0">
<system-out><![CDATA[
unique-id: [engine:junit-jupiter]/[class:ShipTest]/[method:testIsLocationSet()]
display-name: testIsLocationSet()
]]></system-out>
</testcase>
<testcase name="testOverlapHorizontalComp()" classname="BattleshipTest" time="0">
<system-out><![CDATA[
unique-id: [engine:junit-jupiter]/[class:BattleshipTest]/[method:testOverlapHorizontalComp()]
display-name: testOverlapHorizontalComp()
]]></system-out>
</testcase>
<testcase name="testNoOverlappingShips()" classname="BattleshipTest" time="0">
<system-out><![CDATA[
unique-id: [engine:junit-jupiter]/[class:BattleshipTest]/[method:testNoOverlappingShips()]
display-name: testNoOverlappingShips()
]]></system-out>
</testcase>
<testcase name="testCompleteGameFlow()" classname="BattleshipTest" time="0.001">
<system-out><![CDATA[
unique-id: [engine:junit-jupiter]/[class:BattleshipTest]/[method:testCompleteGameFlow()]
display-name: testCompleteGameFlow()
]]></system-out>
</testcase>
<testcase name="testSetupComputerAllShipsPlaced()" classname="BattleshipTest" time="0">
<system-out><![CDATA[
unique-id: [engine:junit-jupiter]/[class:BattleshipTest]/[method:testSetupComputerAllShipsPlaced()]
display-name: testSetupComputerAllShipsPlaced()
]]></system-out>
</testcase>
<testcase name="testOverlapVertical()" classname="BattleshipTest" time="0">
<system-out><![CDATA[
unique-id: [engine:junit-jupiter]/[class:BattleshipTest]/[method:testOverlapVertical()]
display-name: testOverlapVertical()
]]></system-out>
</testcase>
<testcase name="testToString()" classname="ShipTest" time="0.004">
<system-out><![CDATA[
unique-id: [engine:junit-jupiter]/[class:ShipTest]/[method:testToString()]
display-name: testToString()
]]></system-out>
</testcase>
<testcase name="testConvertLetterToInt()" classname="BattleshipTest" time="0">
<system-out><![CDATA[
unique-id: [engine:junit-jupiter]/[class:BattleshipTest]/[method:testConvertLetterToInt()]
display-name: testConvertLetterToInt()
]]></system-out>
</testcase>
<testcase name="testHasErrorsVertical()" classname="BattleshipTest" time="0">
<system-out><![CDATA[
unique-id: [engine:junit-jupiter]/[class:BattleshipTest]/[method:testHasErrorsVertical()]
display-name: testHasErrorsVertical()
]]></system-out>
</testcase>
<testcase name="testCheckHit()" classname="LocationTest" time="0.01">
<system-out><![CDATA[
unique-id: [engine:junit-jupiter]/[class:LocationTest]/[method:testCheckHit()]
display-name: testCheckHit()
]]></system-out>
</testcase>
<testcase name="testSetStatus()" classname="LocationTest" time="0">
<system-out><![CDATA[
unique-id: [engine:junit-jupiter]/[class:LocationTest]/[method:testSetStatus()]
display-name: testSetStatus()
]]></system-out>
</testcase>
<testcase name="testIsDirectionSet()" classname="ShipTest" time="0">
<system-out><![CDATA[
unique-id: [engine:junit-jupiter]/[class:ShipTest]/[method:testIsDirectionSet()]
display-name: testIsDirectionSet()
]]></system-out>
</testcase>
<testcase name="testHasErrorsComp()" classname="BattleshipTest" time="0">
<system-out><![CDATA[
unique-id: [engine:junit-jupiter]/[class:BattleshipTest]/[method:testHasErrorsComp()]
display-name: testHasErrorsComp()
]]></system-out>
</testcase>
<testcase name="testNumOfShipsLeft_AllShipsSet()" classname="PlayerTest" time="0.001">
<system-out><![CDATA[
unique-id: [engine:junit-jupiter]/[class:PlayerTest]/[method:testNumOfShipsLeft_AllShipsSet()]
display-name: testNumOfShipsLeft_AllShipsSet()
]]></system-out>
</testcase>
<testcase name="testMarkMiss()" classname="LocationTest" time="0">
<system-out><![CDATA[
unique-id: [engine:junit-jupiter]/[class:LocationTest]/[method:testMarkMiss()]
display-name: testMarkMiss()
]]></system-out>
</testcase>
<testcase name="testShipsWithinBounds()" classname="BattleshipTest" time="0.005">
<system-out><![CDATA[
unique-id: [engine:junit-jupiter]/[class:BattleshipTest]/[method:testShipsWithinBounds()]
display-name: testShipsWithinBounds()
]]></system-out>
</testcase>
<testcase name="testAskForGuess_Hit()" classname="BattleshipTest" time="0">
<system-out><![CDATA[
unique-id: [engine:junit-jupiter]/[class:BattleshipTest]/[method:testAskForGuess_Hit()]
display-name: testAskForGuess_Hit()
]]></system-out>
</testcase>
<testcase name="testSetLocation()" classname="ShipTest" time="0">
<system-out><![CDATA[
unique-id: [engine:junit-jupiter]/[class:ShipTest]/[method:testSetLocation()]
display-name: testSetLocation()
]]></system-out>
</testcase>
<testcase name="testHasErrorsHorizontal()" classname="BattleshipTest" time="0">
<system-out><![CDATA[
unique-id: [engine:junit-jupiter]/[class:BattleshipTest]/[method:testHasErrorsHorizontal()]
display-name: testHasErrorsHorizontal()
]]></system-out>
</testcase>
<testcase name="testInvalidInputHandling()" classname="BattleshipTest" time="0.001">
<system-out><![CDATA[
unique-id: [engine:junit-jupiter]/[class:BattleshipTest]/[method:testInvalidInputHandling()]
display-name: testInvalidInputHandling()
]]></system-out>
</testcase>
<testcase name="testConvertUserColToProCol()" classname="BattleshipTest" time="0">
<system-out><![CDATA[
unique-id: [engine:junit-jupiter]/[class:BattleshipTest]/[method:testConvertUserColToProCol()]
display-name: testConvertUserColToProCol()
]]></system-out>
</testcase>
<testcase name="testGetRow()" classname="ShipTest" time="0">
<system-out><![CDATA[
unique-id: [engine:junit-jupiter]/[class:ShipTest]/[method:testGetRow()]
display-name: testGetRow()
]]></system-out>
</testcase>
<testcase name="testConvertIntToLetter()" classname="BattleshipTest" time="0">
<system-out><![CDATA[
unique-id: [engine:junit-jupiter]/[class:BattleshipTest]/[method:testConvertIntToLetter()]
display-name: testConvertIntToLetter()
]]></system-out>
</testcase>
<testcase name="testSetDirection()" classname="ShipTest" time="0">
<system-out><![CDATA[
unique-id: [engine:junit-jupiter]/[class:ShipTest]/[method:testSetDirection()]
display-name: testSetDirection()
]]></system-out>
</testcase>
<system-out><![CDATA[
unique-id: [engine:junit-jupiter]
display-name: JUnit Jupiter
]]></system-out>
</testsuite>
