<?xml version="1.0" encoding="UTF-8"?>
<testsuite name="JUnit Vintage" tests="0" skipped="0" failures="0" errors="0" time="0" hostname="Rahul-4.local" timestamp="2024-11-19T20:59:40">
<properties>
<property name="apple.awt.application.name" value="ConsoleLauncher"/>
<property name="file.encoding" value="UTF-8"/>
<property name="file.separator" value="/"/>
<property name="ftp.nonProxyHosts" value="local|*.local|169.254/16|*.169.254/16"/>
<property name="http.nonProxyHosts" value="local|*.local|169.254/16|*.169.254/16"/>
<property name="java.class.path" value="build:lib/byte-buddy.jar:lib/byte-buddy-agent.jar:lib/junit-platform-console-standalone.jar:lib/mockito-core.jar:lib/objenesis.jar"/>
<property name="java.class.version" value="67.0"/>
<property name="java.home" value="/Users/rahulchowdary/Library/Java/JavaVirtualMachines/openjdk-23.0.1/Contents/Home"/>
<property name="java.io.tmpdir" value="/var/folders/3s/9lxhhmv129l40rsx40t11kd00000gn/T/"/>
<property name="java.library.path" value="/Users/rahulchowdary/Library/Java/Extensions:/Library/Java/Extensions:/Network/Library/Java/Extensions:/System/Library/Java/Extensions:/usr/lib/java:."/>
<property name="java.runtime.name" value="OpenJDK Runtime Environment"/>
<property name="java.runtime.version" value="23.0.1+11-39"/>
<property name="java.specification.name" value="Java Platform API Specification"/>
<property name="java.specification.vendor" value="Oracle Corporation"/>
<property name="java.specification.version" value="23"/>
<property name="java.vendor" value="Oracle Corporation"/>
<property name="java.vendor.url" value="https://java.oracle.com/"/>
<property name="java.vendor.url.bug" value="https://bugreport.java.com/bugreport/"/>
<property name="java.version" value="23.0.1"/>
<property name="java.version.date" value="2024-10-15"/>
<property name="java.vm.compressedOopsMode" value="Zero based"/>
<property name="java.vm.info" value="mixed mode, sharing"/>
<property name="java.vm.name" value="OpenJDK 64-Bit Server VM"/>
<property name="java.vm.specification.name" value="Java Virtual Machine Specification"/>
<property name="java.vm.specification.vendor" value="Oracle Corporation"/>
<property name="java.vm.specification.version" value="23"/>
<property name="java.vm.vendor" value="Oracle Corporation"/>
<property name="java.vm.version" value="23.0.1+11-39"/>
<property name="jdk.debug" value="release"/>
<property name="line.separator" value="
"/>
<property name="native.encoding" value="UTF-8"/>
<property name="os.arch" value="aarch64"/>
<property name="os.name" value="Mac OS X"/>
<property name="os.version" value="15.1"/>
<property name="path.separator" value=":"/>
<property name="socksNonProxyHosts" value="local|*.local|169.254/16|*.169.254/16"/>
<property name="stderr.encoding" value="UTF-8"/>
<property name="stdout.encoding" value="UTF-8"/>
<property name="sun.arch.data.model" value="64"/>
<property name="sun.boot.library.path" value="/Users/rahulchowdary/Library/Java/JavaVirtualMachines/openjdk-23.0.1/Contents/Home/lib"/>
<property name="sun.cpu.endian" value="little"/>
<property name="sun.io.unicode.encoding" value="UnicodeBig"/>
<property name="sun.java.command" value="org.junit.platform.console.ConsoleLauncher --scan-class-path --class-path build --details=tree --reports-dir=test-results"/>
<property name="sun.java.launcher" value="SUN_STANDARD"/>
<property name="sun.jnu.encoding" value="UTF-8"/>
<property name="sun.management.compiler" value="HotSpot 64-Bit Tiered Compilers"/>
<property name="user.country" value="US"/>
<property name="user.dir" value="/Users/rahulchowdary/java/Java-Battleship-master"/>
<property name="user.home" value="/Users/rahulchowdary"/>
<property name="user.language" value="en"/>
<property name="user.name" value="rahulchowdary"/>
<property name="user.timezone" value="America/Los_Angeles"/>
</properties>
<system-out><![CDATA[
unique-id: [engine:junit-vintage]
display-name: JUnit Vintage
]]></system-out>
</testsuite>
