<component name="libraryTable">
  <library name="junit-platform-console-standalone-1.5.0-M1">
    <CLASSES>
      <root url="jar://$PROJECT_DIR$/Java-Battleship-master/junit/junit-platform-console-standalone-1.5.0-M1.jar!/" />
    </CLASSES>
    <JAVADOC />
    <SOURCES />
  </library>
</component>